
C:\Users\blagha85\Desktop>"C:\Program Files\ANSYS Inc\v180\SCADE\SCADE Test\Rapid Prototyper\bin\ScadeRPConsole.exe" batch generate "C:\Users\blagha85\Desktop\PROJET_SCADE\RP\MonEcran.etp" -conf "Co-simulation" -source "game.rgfx" -outdir "C:/Users/blagha85/Desktop/PROJET_SCADE/Sync4Students/TheChallenge_KCG66" -prefix SDY2_game 
C:\Program Files\ANSYS Inc\v180\SCADE\SCADE Test\Rapid Prototyper\bin\ScadeRPConsole.exe
Setting RAPID_PROTOTYPER to C:\Program Files\ANSYS Inc\v180\SCADE\SCADE Test\Rapid Prototyper

Generating code for specification...
ScadeRPSimu.exe -probes -outdir C:\Users\blagha85\Desktop\PROJET_SCADE\Sync4Students\TheChallenge_KCG66\SDY2_game\Code -prefix SDY2_game_ -texturemax 1024 C:\Users\blagha85\Desktop\PROJET_SCADE\RP\game.rgfx C:\Users\blagha85\Desktop\PROJET_SCADE\RP\texture_table_1.stt "C:\Program Files\ANSYS Inc\v180\SCADE\SCADE Test\Rapid Prototyper\Widgets\Common\textures\Widgets_textures.stt" "C:\Program Files\ANSYS Inc\v180\SCADE\SCADE Test\Rapid Prototyper\Widgets\Common\Widgets_fonts.sft" "C:\Program Files\ANSYS Inc\v180\SCADE\SCADE Test\Rapid Prototyper\Widgets\Common\Widgets_colors.sct" "C:\Program Files\ANSYS Inc\v180\SCADE\SCADE Test\Rapid Prototyper\Widgets\Common\Styles_colors.sct" "C:\Program Files\ANSYS Inc\v180\SCADE\SCADE Test\Rapid Prototyper\Widgets\Common\Widgets_line_width.swt" "C:\Program Files\ANSYS Inc\v180\SCADE\SCADE Test\Rapid Prototyper\Widgets\Common\Widgets_line_stipple.sst"
I0001: SCADE RP Simu Version 6.6.4 (build i14) (c) Esterel Technologies SAS 2010-2016 started at 2017-12-22T17:12:35.
I0005: Command line: ScadeRPSimu.exe -probes -outdir C:\Users\blagha85\Desktop\PROJET_SCADE\Sync4Students\TheChallenge_KCG66\SDY2_game\Code -prefix SDY2_game_ -texturemax 1024 C:\Users\blagha85\Desktop\PROJET_SCADE\RP\game.rgfx C:\Users\blagha85\Desktop\PROJET_SCADE\RP\texture_table_1.stt "C:\Program Files\ANSYS Inc\v180\SCADE\SCADE Test\Rapid Prototyper\Widgets\Common\textures\Widgets_textures.stt" "C:\Program Files\ANSYS Inc\v180\SCADE\SCADE Test\Rapid Prototyper\Widgets\Common\Widgets_fonts.sft" "C:\Program Files\ANSYS Inc\v180\SCADE\SCADE Test\Rapid Prototyper\Widgets\Common\Widgets_colors.sct" "C:\Program Files\ANSYS Inc\v180\SCADE\SCADE Test\Rapid Prototyper\Widgets\Common\Styles_colors.sct" "C:\Program Files\ANSYS Inc\v180\SCADE\SCADE Test\Rapid Prototyper\Widgets\Common\Widgets_line_width.swt" "C:\Program Files\ANSYS Inc\v180\SCADE\SCADE Test\Rapid Prototyper\Widgets\Common\Widgets_line_stipple.sst"
I0006: Generated file: C:\Users\blagha85\Desktop\PROJET_SCADE\Sync4Students\TheChallenge_KCG66\SDY2_game\Code\SDY2_game_ColorBase.h
I0006: Generated file: C:\Users\blagha85\Desktop\PROJET_SCADE\Sync4Students\TheChallenge_KCG66\SDY2_game\Code\SDY2_game_ColorBase.c
I0006: Generated file: C:\Users\blagha85\Desktop\PROJET_SCADE\Sync4Students\TheChallenge_KCG66\SDY2_game\Code\SDY2_game_N_StateLED.h
I0006: Generated file: C:\Users\blagha85\Desktop\PROJET_SCADE\Sync4Students\TheChallenge_KCG66\SDY2_game\Code\SDY2_game_N_StateLED.c
I0006: Generated file: C:\Users\blagha85\Desktop\PROJET_SCADE\Sync4Students\TheChallenge_KCG66\SDY2_game\Code\SDY2_game_NumericDisplay.h
I0006: Generated file: C:\Users\blagha85\Desktop\PROJET_SCADE\Sync4Students\TheChallenge_KCG66\SDY2_game\Code\SDY2_game_NumericDisplay.c
I0006: Generated file: C:\Users\blagha85\Desktop\PROJET_SCADE\Sync4Students\TheChallenge_KCG66\SDY2_game\Code\SDY2_game_TextDisplay.h
I0006: Generated file: C:\Users\blagha85\Desktop\PROJET_SCADE\Sync4Students\TheChallenge_KCG66\SDY2_game\Code\SDY2_game_TextDisplay.c
I0006: Generated file: C:\Users\blagha85\Desktop\PROJET_SCADE\Sync4Students\TheChallenge_KCG66\SDY2_game\Code\SDY2_game_FrameShape.h
I0006: Generated file: C:\Users\blagha85\Desktop\PROJET_SCADE\Sync4Students\TheChallenge_KCG66\SDY2_game\Code\SDY2_game_FrameShape.c
I0013: C:\Program Files\ANSYS Inc\v180\SCADE\SCADE Test\Rapid Prototyper\Widgets\LED.wgfx:135: No code generated for object "control point" statically invisible or inactive.
I0006: Generated file: C:\Users\blagha85\Desktop\PROJET_SCADE\Sync4Students\TheChallenge_KCG66\SDY2_game\Code\SDY2_game_LED.h
I0006: Generated file: C:\Users\blagha85\Desktop\PROJET_SCADE\Sync4Students\TheChallenge_KCG66\SDY2_game\Code\SDY2_game_LED.c
I0006: Generated file: C:\Users\blagha85\Desktop\PROJET_SCADE\Sync4Students\TheChallenge_KCG66\SDY2_game\Code\SDY2_game_arena.h
I0006: Generated file: C:\Users\blagha85\Desktop\PROJET_SCADE\Sync4Students\TheChallenge_KCG66\SDY2_game\Code\SDY2_game_arena.h.cosimu
I0006: Generated file: C:\Users\blagha85\Desktop\PROJET_SCADE\Sync4Students\TheChallenge_KCG66\SDY2_game\Code\SDY2_game_arena.c
I0006: Generated file: C:\Users\blagha85\Desktop\PROJET_SCADE\Sync4Students\TheChallenge_KCG66\SDY2_game\Code\SDY2_game_font_table.h
I0006: Generated file: C:\Users\blagha85\Desktop\PROJET_SCADE\Sync4Students\TheChallenge_KCG66\SDY2_game\Code\SDY2_game_font_table.c
I0006: Generated file: C:\Users\blagha85\Desktop\PROJET_SCADE\Sync4Students\TheChallenge_KCG66\SDY2_game\Code\SDY2_game_font_table1.c
I0006: Generated file: C:\Users\blagha85\Desktop\PROJET_SCADE\Sync4Students\TheChallenge_KCG66\SDY2_game\Code\SDY2_game_texture_table.h
I0006: Generated file: C:\Users\blagha85\Desktop\PROJET_SCADE\Sync4Students\TheChallenge_KCG66\SDY2_game\Code\SDY2_game_texture_table.c
I0006: Generated file: C:\Users\blagha85\Desktop\PROJET_SCADE\Sync4Students\TheChallenge_KCG66\SDY2_game\Code\SDY2_game_color_table.h
I0006: Generated file: C:\Users\blagha85\Desktop\PROJET_SCADE\Sync4Students\TheChallenge_KCG66\SDY2_game\Code\SDY2_game_color_table.c
I0006: Generated file: C:\Users\blagha85\Desktop\PROJET_SCADE\Sync4Students\TheChallenge_KCG66\SDY2_game\Code\SDY2_game_line_stipple_table.h
I0006: Generated file: C:\Users\blagha85\Desktop\PROJET_SCADE\Sync4Students\TheChallenge_KCG66\SDY2_game\Code\SDY2_game_line_stipple_table.c
I0006: Generated file: C:\Users\blagha85\Desktop\PROJET_SCADE\Sync4Students\TheChallenge_KCG66\SDY2_game\Code\SDY2_game_line_width_table.h
I0006: Generated file: C:\Users\blagha85\Desktop\PROJET_SCADE\Sync4Students\TheChallenge_KCG66\SDY2_game\Code\SDY2_game_line_width_table.c
I0006: Generated file: C:\Users\blagha85\Desktop\PROJET_SCADE\Sync4Students\TheChallenge_KCG66\SDY2_game\Code\SDY2_game_imported_functions.h
I0006: Generated file: C:\Users\blagha85\Desktop\PROJET_SCADE\Sync4Students\TheChallenge_KCG66\SDY2_game\Code\ScadeRPSimu.log
I0002: SCADE RP Simu finished with 0 error(s) at 2017-12-22T17:12:39.

Generating interactivity code...
Interactivity code generation finished.

Building...
"C:\Program Files\ANSYS Inc\v180\SCADE\SCADE Test\Rapid Prototyper\bin\msysmake.bat" all
/usr/bin/rm -f *.o
/usr/bin/ls -Q ./Code/SDY2_game_FrameShape.c ./Code/SDY2_game_TextDisplay.c ./Code/SDY2_game_font_table1.c ./Code/SDY2_game_LED.c ./Code/SDY2_game_arena.c ./Code/SDY2_game_texture_table.c ./Code/SDY2_game_ColorBase.c ./Code/SDY2_game_line_width_table.c ./Code/SDY2_game_N_StateLED.c ./Code/SDY2_game_font_table.c ./Code/SDY2_game_NumericDisplay.c ./Code/interactivity_mapping.c ./Code/SDY2_game_color_table.c ./Code/SDY2_game_line_stipple_table.c ./Specific/cosimu_interface.c  | /usr/bin/sed -e 's!"/\([A-Za-z]\)/!"\1:/!' >sources.lst
/mingw64/bin/gcc -m64 -Ui386 -I./Include -I./Include/oglx -I./Code -I./Specific  -Ic:/Program\ Files/ANSYS\ Inc/v180/SCADE/SCADE -Ic:/Program\ Files/ANSYS\ Inc/v180/SCADE/SCADE\ Test/Rapid\ Prototyper/Widgets/include -DDLL_EXPORTS  @sources.lst -mwindows -mwin32 -shared -Wl,--output-def,../SDY2_game.def,--out-implib,../SDY2_game.a -o ../SDY2_game.dll c:/Program\ Files/ANSYS\ Inc/v180/SCADE/SCADE\ Test/Rapid\ Prototyper/Widgets/lib/libwidgetsWin.a ./Lib/sdy.o ./Lib/sdy.a ./Lib/OGLX.lib -lopengl32 -lws2_32 -lkernel32 -luser32 -lgdi32

================= END OF COMMAND: SIMULATION GENERATION SUCCESSFUL ================

Status: 0
